Configurations:
----------------------------------------------------------------------
|                     keys |                                   values|
----------------------------------------------------------------------
|               model_path |                                         |
|              input_shape |                               [105, 105]|
|               Init_Epoch |                                        0|
|                    Epoch |                                      200|
|               batch_size |                                       32|
|                  Init_lr |                                     0.05|
|                   Min_lr |                                   0.0005|
|           optimizer_type |                                      sgd|
|                 momentum |                                      0.9|
|            lr_decay_type |                                      cos|
|              save_period |                                       10|
|                 save_dir |                                     logs|
|              num_workers |                                        4|
|                num_train |                                     1000|
|                  num_val |                                     4000|
----------------------------------------------------------------------
----------------------------------------------------
Epoch:1/200
/root/miniconda3/lib/python3.8/site-packages/torch/tensor.py:587: RuntimeWarning: Iterating over a tensor might cause the trace to be incorrect. Passing a tensor of different shape won't change the number of iterations executed (and might lead to errors or silently give incorrect results).
  warnings.warn('Iterating over a tensor might cause the trace to be incorrect. '
train_loss: 0.7000071117954869 acc: 0.49243951612903225 lr: 0.0025000000000000005
Finish Train
Start Validation
test_loss: 0.6867579250335694 acc: 0.527
Finish Validation
Train Loss: 0.700 || Test Loss: 0.687 
Train Acc: 0.492 || Test Acc: 0.527 
Save best model to best_epoch_weights.pth
----------------------------------------------------
----------------------------------------------------
Epoch:2/200
train_loss: 0.6942999266809032 acc: 0.5075604838709677 lr: 0.005
Finish Train
Start Validation
test_loss: 0.675112690448761 acc: 0.56525
Finish Validation
Train Loss: 0.694 || Test Loss: 0.675 
Train Acc: 0.508 || Test Acc: 0.565 
Save best model to best_epoch_weights.pth
----------------------------------------------------
----------------------------------------------------
Epoch:3/200
train_loss: 0.6894283390814259 acc: 0.5307459677419355 lr: 0.012499999999999999
Finish Train
Start Validation
test_loss: 0.6583795256614685 acc: 0.605375
Finish Validation
Train Loss: 0.689 || Test Loss: 0.658 
Train Acc: 0.531 || Test Acc: 0.605 
Save best model to best_epoch_weights.pth
----------------------------------------------------
----------------------------------------------------
Epoch:4/200
train_loss: 0.6860428183309494 acc: 0.5483870967741935 lr: 0.025
Finish Train
Start Validation
test_loss: 0.6643272771835327 acc: 0.61675
Finish Validation
Train Loss: 0.686 || Test Loss: 0.664 
Train Acc: 0.548 || Test Acc: 0.617 
----------------------------------------------------
----------------------------------------------------
Epoch:5/200
train_loss: 0.6883488182098635 acc: 0.5342741935483871 lr: 0.024998253689241086
Finish Train
Start Validation
test_loss: 0.6756139078140259 acc: 0.597375
Finish Validation
Train Loss: 0.688 || Test Loss: 0.676 
Train Acc: 0.534 || Test Acc: 0.597 
----------------------------------------------------
----------------------------------------------------
Epoch:6/200
train_loss: 0.688944983866907 acc: 0.5362903225806451 lr: 0.0249930152498292
Finish Train
Start Validation
test_loss: 0.6806141934394836 acc: 0.54625
Finish Validation
Train Loss: 0.689 || Test Loss: 0.681 
Train Acc: 0.536 || Test Acc: 0.546 
----------------------------------------------------
----------------------------------------------------
Epoch:7/200
train_loss: 0.6878554128831432 acc: 0.5413306451612904 lr: 0.024984286160219787
Finish Train
Start Validation
test_loss: 0.6660985984802246 acc: 0.630875
Finish Validation
Train Loss: 0.688 || Test Loss: 0.666 
Train Acc: 0.541 || Test Acc: 0.631 
----------------------------------------------------
----------------------------------------------------
Epoch:8/200
train_loss: 0.6810066065480632 acc: 0.561491935483871 lr: 0.02497206888404163
Finish Train
Start Validation
test_loss: 0.6531595668792725 acc: 0.67025
Finish Validation
Train Loss: 0.681 || Test Loss: 0.653 
Train Acc: 0.561 || Test Acc: 0.670 
Save best model to best_epoch_weights.pth
----------------------------------------------------
----------------------------------------------------
Epoch:9/200
train_loss: 0.6745405004870507 acc: 0.5821572580645161 lr: 0.02495636686940154
Finish Train
Start Validation
test_loss: 0.6302683982849121 acc: 0.704
Finish Validation
Train Loss: 0.675 || Test Loss: 0.630 
Train Acc: 0.582 || Test Acc: 0.704 
Save best model to best_epoch_weights.pth
----------------------------------------------------
----------------------------------------------------
Epoch:10/200
train_loss: 0.6669561055398756 acc: 0.5861895161290323 lr: 0.024937184547911162
Finish Train
Start Validation
test_loss: 0.628386215209961 acc: 0.672625
Finish Validation
Train Loss: 0.667 || Test Loss: 0.628 
Train Acc: 0.586 || Test Acc: 0.673 
Save best model to best_epoch_weights.pth
----------------------------------------------------
----------------------------------------------------
Epoch:11/200
train_loss: 0.6653882553500514 acc: 0.6003024193548387 lr: 0.02491452733343626
Finish Train
Start Validation
test_loss: 0.6275389580726624 acc: 0.67125
Finish Validation
Train Loss: 0.665 || Test Loss: 0.628 
Train Acc: 0.600 || Test Acc: 0.671 
Save best model to best_epoch_weights.pth
----------------------------------------------------
----------------------------------------------------
Epoch:12/200
train_loss: 0.6670527631236661 acc: 0.5871975806451613 lr: 0.024888401620568736
Finish Train
Start Validation
test_loss: 0.6030586462020874 acc: 0.69525
Finish Validation
Train Loss: 0.667 || Test Loss: 0.603 
Train Acc: 0.587 || Test Acc: 0.695 
Save best model to best_epoch_weights.pth
----------------------------------------------------
----------------------------------------------------
Epoch:13/200
train_loss: 0.6472753863180837 acc: 0.6285282258064516 lr: 0.02485881478282188
Finish Train
Start Validation
test_loss: 0.5931420874595642 acc: 0.7045
Finish Validation
Train Loss: 0.647 || Test Loss: 0.593 
Train Acc: 0.629 || Test Acc: 0.705 
Save best model to best_epoch_weights.pth
----------------------------------------------------
----------------------------------------------------
Epoch:14/200
train_loss: 0.6417802764523414 acc: 0.6365927419354839 lr: 0.02482577517054932
Finish Train
Start Validation
test_loss: 0.6024730639457703 acc: 0.6855
Finish Validation
Train Loss: 0.642 || Test Loss: 0.602 
Train Acc: 0.637 || Test Acc: 0.685 
----------------------------------------------------
----------------------------------------------------
Epoch:15/200
train_loss: 0.6396843310325376 acc: 0.6320564516129032 lr: 0.02478929210858829
Finish Train
Start Validation
test_loss: 0.5945385069847107 acc: 0.696
Finish Validation
Train Loss: 0.640 || Test Loss: 0.595 
Train Acc: 0.632 || Test Acc: 0.696 
----------------------------------------------------
----------------------------------------------------
Epoch:16/200
train_loss: 0.6363112388118621 acc: 0.641633064516129 lr: 0.024749375893627853
Finish Train
Start Validation
test_loss: 0.6094839487075806 acc: 0.654375
Finish Validation
Train Loss: 0.636 || Test Loss: 0.609 
Train Acc: 0.642 || Test Acc: 0.654 
----------------------------------------------------
----------------------------------------------------
Epoch:17/200
train_loss: 0.6355005252745843 acc: 0.6300403225806451 lr: 0.02470603779130287
Finish Train
Start Validation
test_loss: 0.5719130525588989 acc: 0.710125
Finish Validation
Train Loss: 0.636 || Test Loss: 0.572 
Train Acc: 0.630 || Test Acc: 0.710 
Save best model to best_epoch_weights.pth
----------------------------------------------------
----------------------------------------------------
Epoch:18/200
train_loss: 0.637269006621453 acc: 0.6386088709677419 lr: 0.02465929003301445
Finish Train
Start Validation
test_loss: 0.5568236813545228 acc: 0.7275
Finish Validation
Train Loss: 0.637 || Test Loss: 0.557 
Train Acc: 0.639 || Test Acc: 0.728 
Save best model to best_epoch_weights.pth
----------------------------------------------------
----------------------------------------------------
Epoch:19/200
train_loss: 0.6383640054733523 acc: 0.6345766129032258 lr: 0.024609145812477858
Finish Train
Start Validation
test_loss: 0.5469340109825134 acc: 0.748875
Finish Validation
Train Loss: 0.638 || Test Loss: 0.547 
Train Acc: 0.635 || Test Acc: 0.749 
Save best model to best_epoch_weights.pth
----------------------------------------------------
----------------------------------------------------
Epoch:20/200
train_loss: 0.624736362887967 acc: 0.6481854838709677 lr: 0.024555619281998845
Finish Train
Start Validation
test_loss: 0.5700618197917938 acc: 0.696875
Finish Validation
Train Loss: 0.625 || Test Loss: 0.570 
Train Acc: 0.648 || Test Acc: 0.697 
----------------------------------------------------
----------------------------------------------------
Epoch:21/200
train_loss: 0.6348318553739979 acc: 0.6461693548387096 lr: 0.024498725548479407
Finish Train
Start Validation
test_loss: 0.5413229982852936 acc: 0.754375
Finish Validation
Train Loss: 0.635 || Test Loss: 0.541 
Train Acc: 0.646 || Test Acc: 0.754 
Save best model to best_epoch_weights.pth
----------------------------------------------------
----------------------------------------------------
Epoch:22/200
train_loss: 0.6181388978035219 acc: 0.6592741935483871 lr: 0.02443848066915412
Finish Train
Start Validation
test_loss: 0.5318255052566528 acc: 0.74575
Finish Validation
Train Loss: 0.618 || Test Loss: 0.532 
Train Acc: 0.659 || Test Acc: 0.746 
Save best model to best_epoch_weights.pth
----------------------------------------------------
----------------------------------------------------
Epoch:23/200
train_loss: 0.615540990906377 acc: 0.6507056451612904 lr: 0.024374901647058283
Finish Train
Start Validation
test_loss: 0.5497761752605438 acc: 0.723625
Finish Validation
Train Loss: 0.616 || Test Loss: 0.550 
Train Acc: 0.651 || Test Acc: 0.724 
----------------------------------------------------
----------------------------------------------------
Epoch:24/200
train_loss: 0.6218330437137235 acc: 0.6547379032258065 lr: 0.024308006426229125
Finish Train
Start Validation
test_loss: 0.538502445936203 acc: 0.736
Finish Validation
Train Loss: 0.622 || Test Loss: 0.539 
Train Acc: 0.655 || Test Acc: 0.736 
----------------------------------------------------
----------------------------------------------------
Epoch:25/200
train_loss: 0.6068160630041554 acc: 0.6638104838709677 lr: 0.02423781388664141
Finish Train
Start Validation
test_loss: 0.5127403039932251 acc: 0.767625
Finish Validation
Train Loss: 0.607 || Test Loss: 0.513 
Train Acc: 0.664 || Test Acc: 0.768 
Save best model to best_epoch_weights.pth
----------------------------------------------------
----------------------------------------------------
Epoch:26/200
train_loss: 0.5939109613818507 acc: 0.6678427419354839 lr: 0.0241643438388789
Finish Train
Start Validation
test_loss: 0.5420148351192474 acc: 0.72775
Finish Validation
Train Loss: 0.594 || Test Loss: 0.542 
Train Acc: 0.668 || Test Acc: 0.728 
----------------------------------------------------
----------------------------------------------------
Epoch:27/200
train_loss: 0.587369397763283 acc: 0.6985887096774194 lr: 0.024087617018543207
Finish Train
Start Validation
test_loss: 0.5033768088817596 acc: 0.757875
Finish Validation
Train Loss: 0.587 || Test Loss: 0.503 
Train Acc: 0.699 || Test Acc: 0.758 
Save best model to best_epoch_weights.pth
----------------------------------------------------
----------------------------------------------------
Epoch:28/200
train_loss: 0.6034079790115356 acc: 0.6743951612903226 lr: 0.024007655080401483
Finish Train
Start Validation
test_loss: 0.49592944645881654 acc: 0.770125
Finish Validation
Train Loss: 0.603 || Test Loss: 0.496 
Train Acc: 0.674 || Test Acc: 0.770 
Save best model to best_epoch_weights.pth
----------------------------------------------------
----------------------------------------------------
Epoch:29/200
train_loss: 0.5922038680122744 acc: 0.6819556451612904 lr: 0.023924480592274807
Finish Train
Start Validation
test_loss: 0.5117001044750213 acc: 0.748125
Finish Validation
Train Loss: 0.592 || Test Loss: 0.512 
Train Acc: 0.682 || Test Acc: 0.748 
----------------------------------------------------
----------------------------------------------------
Epoch:30/200
train_loss: 0.563577942309841 acc: 0.704133064516129 lr: 0.023838117028668785
Finish Train
Start Validation
test_loss: 0.4901303896903992 acc: 0.771375
Finish Validation
Train Loss: 0.564 || Test Loss: 0.490 
Train Acc: 0.704 || Test Acc: 0.771 
Save best model to best_epoch_weights.pth
----------------------------------------------------
----------------------------------------------------
Epoch:31/200
train_loss: 0.5868123462123256 acc: 0.6925403225806451 lr: 0.023748588764148326
Finish Train
Start Validation
test_loss: 0.47385674619674684 acc: 0.78425
Finish Validation
Train Loss: 0.587 || Test Loss: 0.474 
Train Acc: 0.693 || Test Acc: 0.784 
Save best model to best_epoch_weights.pth
----------------------------------------------------
----------------------------------------------------
Epoch:32/200
train_loss: 0.574080502794635 acc: 0.7006048387096774 lr: 0.023655921066458318
Finish Train
Start Validation
test_loss: 0.5060852508544922 acc: 0.745875
Finish Validation
Train Loss: 0.574 || Test Loss: 0.506 
Train Acc: 0.701 || Test Acc: 0.746 
----------------------------------------------------
----------------------------------------------------
Epoch:33/200
train_loss: 0.565498560667038 acc: 0.7011088709677419 lr: 0.023560140089392296
Finish Train
Start Validation
test_loss: 0.4817288718223572 acc: 0.76725
Finish Validation
Train Loss: 0.565 || Test Loss: 0.482 
Train Acc: 0.701 || Test Acc: 0.767 
----------------------------------------------------
----------------------------------------------------
Epoch:34/200
train_loss: 0.5733854501478134 acc: 0.702116935483871 lr: 0.02346127286541099
Finish Train
Start Validation
test_loss: 0.5116769938468934 acc: 0.74175
Finish Validation
Train Loss: 0.573 || Test Loss: 0.512 
Train Acc: 0.702 || Test Acc: 0.742 
----------------------------------------------------
----------------------------------------------------
Epoch:35/200
train_loss: 0.574429496642082 acc: 0.6920362903225806 lr: 0.023359347298012895
Finish Train
Start Validation
test_loss: 0.47167819809913636 acc: 0.78225
Finish Validation
Train Loss: 0.574 || Test Loss: 0.472 
Train Acc: 0.692 || Test Acc: 0.782 
Save best model to best_epoch_weights.pth
----------------------------------------------------
----------------------------------------------------
Epoch:36/200
train_loss: 0.5593640371676414 acc: 0.7051411290322581 lr: 0.02325439215385901
Finish Train
Start Validation
test_loss: 0.45692701148986814 acc: 0.789625
Finish Validation
Train Loss: 0.559 || Test Loss: 0.457 
Train Acc: 0.705 || Test Acc: 0.790 
Save best model to best_epoch_weights.pth
----------------------------------------------------
----------------------------------------------------
Epoch:37/200
train_loss: 0.5722559661634506 acc: 0.6965725806451613 lr: 0.023146437054653978
Finish Train
Start Validation
test_loss: 0.46156806659698485 acc: 0.797125
Finish Validation
Train Loss: 0.572 || Test Loss: 0.462 
Train Acc: 0.697 || Test Acc: 0.797 
----------------------------------------------------
----------------------------------------------------
Epoch:38/200
train_loss: 0.5667877533743458 acc: 0.6940524193548387 lr: 0.02303551246878587
Finish Train
Start Validation
test_loss: 0.4524667980670929 acc: 0.804875
Finish Validation
Train Loss: 0.567 || Test Loss: 0.452 
Train Acc: 0.694 || Test Acc: 0.805 
Save best model to best_epoch_weights.pth
----------------------------------------------------
----------------------------------------------------
Epoch:39/200
train_loss: 0.5563848441646945 acc: 0.7121975806451613 lr: 0.022921649702727045
Finish Train
Start Validation
test_loss: 0.4320611989498138 acc: 0.802625
Finish Validation
Train Loss: 0.556 || Test Loss: 0.432 
Train Acc: 0.712 || Test Acc: 0.803 
Save best model to best_epoch_weights.pth
----------------------------------------------------
----------------------------------------------------
Epoch:40/200
train_loss: 0.5509936607653095 acc: 0.7066532258064516 lr: 0.022804880892198464
Finish Train
Start Validation
test_loss: 0.44427493476867674 acc: 0.80425
Finish Validation
Train Loss: 0.551 || Test Loss: 0.444 
Train Acc: 0.707 || Test Acc: 0.804 
----------------------------------------------------
----------------------------------------------------
Epoch:41/200
train_loss: 0.5534825690330998 acc: 0.7096774193548387 lr: 0.022685238993099946
Finish Train
Start Validation
test_loss: 0.46166829466819764 acc: 0.780875
Finish Validation
Train Loss: 0.553 || Test Loss: 0.462 
Train Acc: 0.710 || Test Acc: 0.781 
----------------------------------------------------
----------------------------------------------------
Epoch:42/200
train_loss: 0.5637145830738929 acc: 0.7001008064516129 lr: 0.022562757772208956
Finish Train
Start Validation
test_loss: 0.46770529460906984 acc: 0.775375
Finish Validation
Train Loss: 0.564 || Test Loss: 0.468 
Train Acc: 0.700 || Test Acc: 0.775 
----------------------------------------------------
----------------------------------------------------
Epoch:43/200
train_loss: 0.5295593921215304 acc: 0.7404233870967742 lr: 0.02243747179765056
Finish Train
Start Validation
test_loss: 0.4392369458675385 acc: 0.795375
Finish Validation
Train Loss: 0.530 || Test Loss: 0.439 
Train Acc: 0.740 || Test Acc: 0.795 
----------------------------------------------------
----------------------------------------------------
Epoch:44/200
train_loss: 0.5466438512648305 acc: 0.7147177419354839 lr: 0.02230941642914117
Finish Train
Start Validation
test_loss: 0.42771196460723876 acc: 0.811125
Finish Validation
Train Loss: 0.547 || Test Loss: 0.428 
Train Acc: 0.715 || Test Acc: 0.811 
Save best model to best_epoch_weights.pth
----------------------------------------------------
----------------------------------------------------
Epoch:45/200
train_loss: 0.5544063987270478 acc: 0.7132056451612904 lr: 0.022178627808008913
Finish Train
Start Validation
test_loss: 0.4439291789531708 acc: 0.789875
Finish Validation
Train Loss: 0.554 || Test Loss: 0.444 
Train Acc: 0.713 || Test Acc: 0.790 
----------------------------------------------------
----------------------------------------------------
Epoch:46/200
train_loss: 0.5109144593438795 acc: 0.7515120967741935 lr: 0.022045142846993375
Finish Train
Start Validation
test_loss: 0.44970652532577515 acc: 0.79325
Finish Validation
Train Loss: 0.511 || Test Loss: 0.450 
Train Acc: 0.752 || Test Acc: 0.793 
----------------------------------------------------
----------------------------------------------------
Epoch:47/200
train_loss: 0.5351675172005931 acc: 0.7217741935483871 lr: 0.021908999219827665
Finish Train
Start Validation
test_loss: 0.4261469359397888 acc: 0.805625
Finish Validation
Train Loss: 0.535 || Test Loss: 0.426 
Train Acc: 0.722 || Test Acc: 0.806 
Save best model to best_epoch_weights.pth
----------------------------------------------------
----------------------------------------------------
Epoch:48/200
train_loss: 0.5362560028030027 acc: 0.7202620967741935 lr: 0.021770235350605658
Finish Train
Start Validation
test_loss: 0.4110011658668518 acc: 0.82375
Finish Validation
Train Loss: 0.536 || Test Loss: 0.411 
Train Acc: 0.720 || Test Acc: 0.824 
Save best model to best_epoch_weights.pth
----------------------------------------------------
----------------------------------------------------
Epoch:49/200
train_loss: 0.5069211221510365 acc: 0.7575604838709677 lr: 0.0216288904029375
Finish Train
Start Validation
test_loss: 0.4250935685634613 acc: 0.80625
Finish Validation
Train Loss: 0.507 || Test Loss: 0.425 
Train Acc: 0.758 || Test Acc: 0.806 
----------------------------------------------------
----------------------------------------------------
Epoch:50/200
train_loss: 0.5290101651222475 acc: 0.7303427419354839 lr: 0.021485004268896376
Finish Train
Start Validation
test_loss: 0.4180074996948242 acc: 0.810125
Finish Validation
Train Loss: 0.529 || Test Loss: 0.418 
Train Acc: 0.730 || Test Acc: 0.810 
----------------------------------------------------
----------------------------------------------------
Epoch:51/200
train_loss: 0.517403535304531 acc: 0.7439516129032258 lr: 0.02133861755775969
Finish Train
Start Validation
test_loss: 0.40841910457611086 acc: 0.818625
Finish Validation
Train Loss: 0.517 || Test Loss: 0.408 
Train Acc: 0.744 || Test Acc: 0.819 
Save best model to best_epoch_weights.pth
----------------------------------------------------
----------------------------------------------------
Epoch:52/200
train_loss: 0.5030222102519004 acc: 0.7530241935483871 lr: 0.021189771584547826
Finish Train
Start Validation
test_loss: 0.42193555283546447 acc: 0.8075
Finish Validation
Train Loss: 0.503 || Test Loss: 0.422 
Train Acc: 0.753 || Test Acc: 0.807 
----------------------------------------------------
----------------------------------------------------
Epoch:53/200
train_loss: 0.5121050294368498 acc: 0.7358870967741935 lr: 0.021038508358363725
Finish Train
Start Validation
test_loss: 0.4159976167678833 acc: 0.811375
Finish Validation
Train Loss: 0.512 || Test Loss: 0.416 
Train Acc: 0.736 || Test Acc: 0.811 
----------------------------------------------------
----------------------------------------------------
Epoch:54/200
train_loss: 0.5156329024222589 acc: 0.7545362903225806 lr: 0.020884870570536562
Finish Train
Start Validation
test_loss: 0.4231792693138123 acc: 0.803125
Finish Validation
Train Loss: 0.516 || Test Loss: 0.423 
Train Acc: 0.755 || Test Acc: 0.803 
----------------------------------------------------
----------------------------------------------------
Epoch:55/200
train_loss: 0.558402951686613 acc: 0.7066532258064516 lr: 0.020728901582572904
Finish Train
Start Validation
test_loss: 0.4125854403972626 acc: 0.816125
Finish Validation
Train Loss: 0.558 || Test Loss: 0.413 
Train Acc: 0.707 || Test Acc: 0.816 
----------------------------------------------------
----------------------------------------------------
Epoch:56/200
train_loss: 0.5239904215258937 acc: 0.7338709677419355 lr: 0.02057064541391869
Finish Train
Start Validation
test_loss: 0.3950065433979034 acc: 0.827875
Finish Validation
Train Loss: 0.524 || Test Loss: 0.395 
Train Acc: 0.734 || Test Acc: 0.828 
Save best model to best_epoch_weights.pth
----------------------------------------------------
----------------------------------------------------
Epoch:57/200
train_loss: 0.5078943237181632 acc: 0.7479838709677419 lr: 0.020410146729535537
Finish Train
Start Validation
test_loss: 0.4265939748287201 acc: 0.793875
Finish Validation
Train Loss: 0.508 || Test Loss: 0.427 
Train Acc: 0.748 || Test Acc: 0.794 
----------------------------------------------------
----------------------------------------------------
Epoch:58/200
train_loss: 0.5119186418671762 acc: 0.7409274193548387 lr: 0.02024745082729484
Finish Train
Start Validation
test_loss: 0.396843715429306 acc: 0.82175
Finish Validation
Train Loss: 0.512 || Test Loss: 0.397 
Train Acc: 0.741 || Test Acc: 0.822 
----------------------------------------------------
----------------------------------------------------
Epoch:59/200
train_loss: 0.5002733122917914 acc: 0.7494959677419355 lr: 0.0200826036251933
Finish Train
Start Validation
test_loss: 0.4105795576572418 acc: 0.819875
Finish Validation
Train Loss: 0.500 || Test Loss: 0.411 
Train Acc: 0.749 || Test Acc: 0.820 
----------------------------------------------------
----------------------------------------------------
Epoch:60/200
train_loss: 0.4935895867886082 acc: 0.7580645161290323 lr: 0.019915651648393352
Finish Train
Start Validation
test_loss: 0.37744990968704223 acc: 0.835875
Finish Validation
Train Loss: 0.494 || Test Loss: 0.377 
Train Acc: 0.758 || Test Acc: 0.836 
Save best model to best_epoch_weights.pth
----------------------------------------------------
----------------------------------------------------
Epoch:61/200
train_loss: 0.5147190593904064 acc: 0.7404233870967742 lr: 0.019746642016092303
Finish Train
Start Validation
test_loss: 0.3955653759241104 acc: 0.8255
Finish Validation
Train Loss: 0.515 || Test Loss: 0.396 
Train Acc: 0.740 || Test Acc: 0.826 
----------------------------------------------------
----------------------------------------------------
Epoch:62/200
train_loss: 0.49790927383207506 acc: 0.7505040322580645 lr: 0.019575622428223763
Finish Train
Start Validation
test_loss: 0.4017966582775116 acc: 0.81525
Finish Validation
Train Loss: 0.498 || Test Loss: 0.402 
Train Acc: 0.751 || Test Acc: 0.815 
----------------------------------------------------
----------------------------------------------------
Epoch:63/200
train_loss: 0.49831429508424574 acc: 0.7515120967741935 lr: 0.019402641151995217
Finish Train
Start Validation
test_loss: 0.40069701051712037 acc: 0.818625
Finish Validation
Train Loss: 0.498 || Test Loss: 0.401 
Train Acc: 0.752 || Test Acc: 0.819 
----------------------------------------------------
----------------------------------------------------
Epoch:64/200
train_loss: 0.5091019157440432 acc: 0.7454637096774194 lr: 0.019227747008265454
Finish Train
Start Validation
test_loss: 0.3791990306377411 acc: 0.83725
Finish Validation
Train Loss: 0.509 || Test Loss: 0.379 
Train Acc: 0.745 || Test Acc: 0.837 
----------------------------------------------------
----------------------------------------------------
Epoch:65/200
train_loss: 0.480744703162101 acc: 0.7741935483870968 lr: 0.019050989357765762
Finish Train
Start Validation
test_loss: 0.3668368127346039 acc: 0.847125
Finish Validation
Train Loss: 0.481 || Test Loss: 0.367 
Train Acc: 0.774 || Test Acc: 0.847 
Save best model to best_epoch_weights.pth
----------------------------------------------------
----------------------------------------------------
Epoch:66/200
train_loss: 0.4984473605309763 acc: 0.7525201612903226 lr: 0.01887241808716876
Finish Train
Start Validation
test_loss: 0.38580405759811404 acc: 0.827875
Finish Validation
Train Loss: 0.498 || Test Loss: 0.386 
Train Acc: 0.753 || Test Acc: 0.828 
----------------------------------------------------
----------------------------------------------------
Epoch:67/200
train_loss: 0.5004910836296697 acc: 0.7540322580645161 lr: 0.018692083595008756
Finish Train
Start Validation
test_loss: 0.38071380853652953 acc: 0.8305
Finish Validation
Train Loss: 0.500 || Test Loss: 0.381 
Train Acc: 0.754 || Test Acc: 0.831 
----------------------------------------------------
----------------------------------------------------
Epoch:68/200
train_loss: 0.4903033625695013 acc: 0.7570564516129032 lr: 0.018510036777457696
Finish Train
Start Validation
test_loss: 0.3939025225639343 acc: 0.820875
Finish Validation
Train Loss: 0.490 || Test Loss: 0.394 
Train Acc: 0.757 || Test Acc: 0.821 
----------------------------------------------------
----------------------------------------------------
Epoch:69/200
train_loss: 0.4828571100388804 acc: 0.7610887096774194 lr: 0.0183263290139606
Finish Train
Start Validation
test_loss: 0.3850027520656586 acc: 0.828625
Finish Validation
Train Loss: 0.483 || Test Loss: 0.385 
Train Acc: 0.761 || Test Acc: 0.829 
----------------------------------------------------
----------------------------------------------------
Epoch:70/200
train_loss: 0.4630572940072706 acc: 0.7701612903225806 lr: 0.018141012152734663
Finish Train
Start Validation
test_loss: 0.37567088747024535 acc: 0.826625
Finish Validation
Train Loss: 0.463 || Test Loss: 0.376 
Train Acc: 0.770 || Test Acc: 0.827 
----------------------------------------------------
----------------------------------------------------
Epoch:71/200
train_loss: 0.48825302047114216 acc: 0.7550403225806451 lr: 0.017954138496136026
Finish Train
Start Validation
test_loss: 0.37271663415431977 acc: 0.832
Finish Validation
Train Loss: 0.488 || Test Loss: 0.373 
Train Acc: 0.755 || Test Acc: 0.832 
----------------------------------------------------
----------------------------------------------------
Epoch:72/200
train_loss: 0.4372366186111204 acc: 0.7953629032258065 lr: 0.01776576078589835
Finish Train
Start Validation
test_loss: 0.35963388538360597 acc: 0.843125
Finish Validation
Train Loss: 0.437 || Test Loss: 0.360 
Train Acc: 0.795 || Test Acc: 0.843 
Save best model to best_epoch_weights.pth
----------------------------------------------------
----------------------------------------------------
Epoch:73/200
train_loss: 0.4905142457254471 acc: 0.7570564516129032 lr: 0.01757593218824743
Finish Train
Start Validation
test_loss: 0.3902368447780609 acc: 0.817625
Finish Validation
Train Loss: 0.491 || Test Loss: 0.390 
Train Acc: 0.757 || Test Acc: 0.818 
----------------------------------------------------
----------------------------------------------------
Epoch:74/200
train_loss: 0.4678991715754232 acc: 0.7636088709677419 lr: 0.01738470627889599
Finish Train
Start Validation
test_loss: 0.3607145792245865 acc: 0.837
Finish Validation
Train Loss: 0.468 || Test Loss: 0.361 
Train Acc: 0.764 || Test Acc: 0.837 
----------------------------------------------------
----------------------------------------------------
Epoch:75/200
train_loss: 0.4655494199645135 acc: 0.7782258064516129 lr: 0.017192137027922882
Finish Train
Start Validation
test_loss: 0.37112098729610443 acc: 0.833625
Finish Validation
Train Loss: 0.466 || Test Loss: 0.371 
Train Acc: 0.778 || Test Acc: 0.834 
----------------------------------------------------
----------------------------------------------------
Epoch:76/200
train_loss: 0.4466633835146504 acc: 0.7913306451612904 lr: 0.016998278784540993
Finish Train
Start Validation
test_loss: 0.37233375680446623 acc: 0.832125
Finish Validation
Train Loss: 0.447 || Test Loss: 0.372 
Train Acc: 0.791 || Test Acc: 0.832 
----------------------------------------------------
----------------------------------------------------
Epoch:77/200
train_loss: 0.4392574641012376 acc: 0.7928427419354839 lr: 0.01680318626175819
Finish Train
Start Validation
test_loss: 0.36254894042015073 acc: 0.844125
Finish Validation
Train Loss: 0.439 || Test Loss: 0.363 
Train Acc: 0.793 || Test Acc: 0.844 
----------------------------------------------------
----------------------------------------------------
Epoch:78/200
train_loss: 0.4693179880419085 acc: 0.7726814516129032 lr: 0.016606914520935524
Finish Train
Start Validation
test_loss: 0.35290877270698545 acc: 0.846625
Finish Validation
Train Loss: 0.469 || Test Loss: 0.353 
Train Acc: 0.773 || Test Acc: 0.847 
Save best model to best_epoch_weights.pth
----------------------------------------------------
----------------------------------------------------
Epoch:79/200
train_loss: 0.45569280078334196 acc: 0.7852822580645161 lr: 0.016409518956247163
Finish Train
Start Validation
test_loss: 0.3431666958332062 acc: 0.854
Finish Validation
Train Loss: 0.456 || Test Loss: 0.343 
Train Acc: 0.785 || Test Acc: 0.854 
Save best model to best_epoch_weights.pth
----------------------------------------------------
----------------------------------------------------
Epoch:80/200
train_loss: 0.4571842435867556 acc: 0.7852822580645161 lr: 0.016211055279046382
Finish Train
Start Validation
test_loss: 0.3573943156003952 acc: 0.842
Finish Validation
Train Loss: 0.457 || Test Loss: 0.357 
Train Acc: 0.785 || Test Acc: 0.842 
----------------------------------------------------
----------------------------------------------------
Epoch:81/200
train_loss: 0.46501256381311723 acc: 0.7782258064516129 lr: 0.016011579502142027
Finish Train
Start Validation
test_loss: 0.3564753003120422 acc: 0.841875
Finish Validation
Train Loss: 0.465 || Test Loss: 0.356 
Train Acc: 0.778 || Test Acc: 0.842 
----------------------------------------------------
----------------------------------------------------
Epoch:82/200
train_loss: 0.4508354154325301 acc: 0.7772177419354839 lr: 0.015811147923989913
Finish Train
Start Validation
test_loss: 0.35674802100658415 acc: 0.84275
Finish Validation
Train Loss: 0.451 || Test Loss: 0.357 
Train Acc: 0.777 || Test Acc: 0.843 
----------------------------------------------------
----------------------------------------------------
Epoch:83/200
train_loss: 0.4393490831698141 acc: 0.7872983870967742 lr: 0.015609817112803591
Finish Train
Start Validation
test_loss: 0.34051409077644346 acc: 0.854875
Finish Validation
Train Loss: 0.439 || Test Loss: 0.341 
Train Acc: 0.787 || Test Acc: 0.855 
Save best model to best_epoch_weights.pth
----------------------------------------------------
----------------------------------------------------
Epoch:84/200
train_loss: 0.4311392826418723 acc: 0.7888104838709677 lr: 0.015407643890588995
Finish Train
Start Validation
test_loss: 0.3373246929645538 acc: 0.858875
Finish Validation
Train Loss: 0.431 || Test Loss: 0.337 
Train Acc: 0.789 || Test Acc: 0.859 
Save best model to best_epoch_weights.pth
----------------------------------------------------
----------------------------------------------------
Epoch:85/200
train_loss: 0.42859489110208326 acc: 0.8019153225806451 lr: 0.01520468531710743
Finish Train
Start Validation
test_loss: 0.3438713048696518 acc: 0.851875
Finish Validation
Train Loss: 0.429 || Test Loss: 0.344 
Train Acc: 0.802 || Test Acc: 0.852 
----------------------------------------------------
----------------------------------------------------
Epoch:86/200
train_loss: 0.43829792737960815 acc: 0.7837701612903226 lr: 0.0150009986737715
Finish Train
Start Validation
test_loss: 0.3455128526687622 acc: 0.848875
Finish Validation
Train Loss: 0.438 || Test Loss: 0.346 
Train Acc: 0.784 || Test Acc: 0.849 
----------------------------------------------------
----------------------------------------------------
Epoch:87/200
train_loss: 0.44953887212661003 acc: 0.7847782258064516 lr: 0.014796641447478451
Finish Train
Start Validation
test_loss: 0.32973887252807615 acc: 0.861
Finish Validation
Train Loss: 0.450 || Test Loss: 0.330 
Train Acc: 0.785 || Test Acc: 0.861 
Save best model to best_epoch_weights.pth
----------------------------------------------------
----------------------------------------------------
Epoch:88/200
train_loss: 0.42628114550344404 acc: 0.7973790322580645 lr: 0.014591671314385523
Finish Train
Start Validation
test_loss: 0.3247655652761459 acc: 0.861375
Finish Validation
Train Loss: 0.426 || Test Loss: 0.325 
Train Acc: 0.797 || Test Acc: 0.861 
Save best model to best_epoch_weights.pth
----------------------------------------------------
----------------------------------------------------
Epoch:89/200
train_loss: 0.4256479970870479 acc: 0.8069556451612904 lr: 0.014386146123631904
Finish Train
Start Validation
test_loss: 0.3113646811246872 acc: 0.866875
Finish Validation
Train Loss: 0.426 || Test Loss: 0.311 
Train Acc: 0.807 || Test Acc: 0.867 
Save best model to best_epoch_weights.pth
----------------------------------------------------
----------------------------------------------------
Epoch:90/200
train_loss: 0.40648472405249075 acc: 0.8019153225806451 lr: 0.014180123881011825
Finish Train
Start Validation
test_loss: 0.3569156175851822 acc: 0.83625
Finish Validation
Train Loss: 0.406 || Test Loss: 0.357 
Train Acc: 0.802 || Test Acc: 0.836 
----------------------------------------------------
----------------------------------------------------
Epoch:91/200
train_loss: 0.4239417218392895 acc: 0.7943548387096774 lr: 0.013973662732603486
Finish Train
Start Validation
test_loss: 0.33384042608737946 acc: 0.857625
Finish Validation
Train Loss: 0.424 || Test Loss: 0.334 
Train Acc: 0.794 || Test Acc: 0.858 
----------------------------------------------------
----------------------------------------------------
Epoch:92/200
train_loss: 0.43289383765189876 acc: 0.796875 lr: 0.013766820948358367
Finish Train
Start Validation
test_loss: 0.329510400891304 acc: 0.860375
Finish Validation
Train Loss: 0.433 || Test Loss: 0.330 
Train Acc: 0.797 || Test Acc: 0.860 
----------------------------------------------------
----------------------------------------------------
Epoch:93/200
train_loss: 0.4032112734933053 acc: 0.8140120967741935 lr: 0.013559656905655564
Finish Train
Start Validation
test_loss: 0.3398554971218109 acc: 0.85225
Finish Validation
Train Loss: 0.403 || Test Loss: 0.340 
Train Acc: 0.814 || Test Acc: 0.852 
----------------------------------------------------
----------------------------------------------------
Epoch:94/200
train_loss: 0.40306220419945255 acc: 0.8145161290322581 lr: 0.01335222907282586
Finish Train
Start Validation
test_loss: 0.34354170858860017 acc: 0.854375
Finish Validation
Train Loss: 0.403 || Test Loss: 0.344 
Train Acc: 0.815 || Test Acc: 0.854 
----------------------------------------------------
----------------------------------------------------
Epoch:95/200
train_loss: 0.42427873034631053 acc: 0.7988911290322581 lr: 0.013144595992650042
Finish Train
Start Validation
test_loss: 0.34148732924461367 acc: 0.85025
Finish Validation
Train Loss: 0.424 || Test Loss: 0.341 
Train Acc: 0.799 || Test Acc: 0.850 
----------------------------------------------------
----------------------------------------------------
Epoch:96/200
train_loss: 0.3854303340758047 acc: 0.8230846774193549 lr: 0.012936816265836287
Finish Train
Start Validation
test_loss: 0.3300843423604965 acc: 0.861375
Finish Validation
Train Loss: 0.385 || Test Loss: 0.330 
Train Acc: 0.823 || Test Acc: 0.861 
----------------------------------------------------
----------------------------------------------------
Epoch:97/200
train_loss: 0.4136448166062755 acc: 0.8044354838709677 lr: 0.012728948534481142
Finish Train
Start Validation
test_loss: 0.32880381047725676 acc: 0.854625
Finish Validation
Train Loss: 0.414 || Test Loss: 0.329 
Train Acc: 0.804 || Test Acc: 0.855 
----------------------------------------------------
----------------------------------------------------
Epoch:98/200
train_loss: 0.4072108201442226 acc: 0.8069556451612904 lr: 0.012521051465518861
Finish Train
Start Validation
test_loss: 0.3248828978538513 acc: 0.866375
Finish Validation
Train Loss: 0.407 || Test Loss: 0.325 
Train Acc: 0.807 || Test Acc: 0.866 
----------------------------------------------------
----------------------------------------------------
Epoch:99/200
train_loss: 0.39810548193993106 acc: 0.8185483870967742 lr: 0.012313183734163716
Finish Train
Start Validation
test_loss: 0.35035987448692324 acc: 0.848125
Finish Validation
Train Loss: 0.398 || Test Loss: 0.350 
Train Acc: 0.819 || Test Acc: 0.848 
----------------------------------------------------
----------------------------------------------------
Epoch:100/200
train_loss: 0.42415031310050716 acc: 0.8009072580645161 lr: 0.012105404007349961
Finish Train
Start Validation
test_loss: 0.3309045720100403 acc: 0.855625
Finish Validation
Train Loss: 0.424 || Test Loss: 0.331 
Train Acc: 0.801 || Test Acc: 0.856 
----------------------------------------------------
----------------------------------------------------
Epoch:101/200
train_loss: 0.3781004192367677 acc: 0.8301411290322581 lr: 0.011897770927174143
Finish Train
Start Validation
test_loss: 0.30935679757595064 acc: 0.8705
Finish Validation
Train Loss: 0.378 || Test Loss: 0.309 
Train Acc: 0.830 || Test Acc: 0.871 
Save best model to best_epoch_weights.pth
----------------------------------------------------
----------------------------------------------------
Epoch:102/200
train_loss: 0.4138195956906965 acc: 0.8044354838709677 lr: 0.011690343094344439
Finish Train
Start Validation
test_loss: 0.32727679681777955 acc: 0.861375
Finish Validation
Train Loss: 0.414 || Test Loss: 0.327 
Train Acc: 0.804 || Test Acc: 0.861 
----------------------------------------------------
----------------------------------------------------
Epoch:103/200
train_loss: 0.3742144319318956 acc: 0.8321572580645161 lr: 0.011483179051641637
Finish Train
Start Validation
test_loss: 0.3300409837961197 acc: 0.8615
Finish Validation
Train Loss: 0.374 || Test Loss: 0.330 
Train Acc: 0.832 || Test Acc: 0.862 
----------------------------------------------------
----------------------------------------------------
Epoch:104/200
train_loss: 0.3996680686550756 acc: 0.8140120967741935 lr: 0.011276337267396516
Finish Train
Start Validation
test_loss: 0.303534078001976 acc: 0.869625
Finish Validation
Train Loss: 0.400 || Test Loss: 0.304 
Train Acc: 0.814 || Test Acc: 0.870 
Save best model to best_epoch_weights.pth
----------------------------------------------------
----------------------------------------------------
Epoch:105/200
train_loss: 0.39221561916412845 acc: 0.8225806451612904 lr: 0.011069876118988178
Finish Train
Start Validation
test_loss: 0.30434769904613496 acc: 0.873375
Finish Validation
Train Loss: 0.392 || Test Loss: 0.304 
Train Acc: 0.823 || Test Acc: 0.873 
----------------------------------------------------
----------------------------------------------------
Epoch:106/200
train_loss: 0.3806007283349191 acc: 0.8377016129032258 lr: 0.010863853876368098
Finish Train
Start Validation
test_loss: 0.30392542672157286 acc: 0.8725
Finish Validation
Train Loss: 0.381 || Test Loss: 0.304 
Train Acc: 0.838 || Test Acc: 0.873 
----------------------------------------------------
----------------------------------------------------
Epoch:107/200
train_loss: 0.3689584905101407 acc: 0.8311491935483871 lr: 0.010658328685614478
Finish Train
Start Validation
test_loss: 0.30682350492477417 acc: 0.869125
Finish Validation
Train Loss: 0.369 || Test Loss: 0.307 
Train Acc: 0.831 || Test Acc: 0.869 
----------------------------------------------------
----------------------------------------------------
Epoch:108/200
train_loss: 0.379142064240671 acc: 0.8306451612903226 lr: 0.01045335855252155
Finish Train
Start Validation
test_loss: 0.3125195633172989 acc: 0.874125
Finish Validation
Train Loss: 0.379 || Test Loss: 0.313 
Train Acc: 0.831 || Test Acc: 0.874 
----------------------------------------------------
----------------------------------------------------
Epoch:109/200
train_loss: 0.37500527981788884 acc: 0.8306451612903226 lr: 0.010249001326228503
Finish Train
Start Validation
test_loss: 0.3108382306098938 acc: 0.8715
Finish Validation
Train Loss: 0.375 || Test Loss: 0.311 
Train Acc: 0.831 || Test Acc: 0.872 
----------------------------------------------------
----------------------------------------------------
Epoch:110/200
train_loss: 0.3749509420125715 acc: 0.8301411290322581 lr: 0.010045314682892574
Finish Train
Start Validation
test_loss: 0.2963829609155655 acc: 0.876625
Finish Validation
Train Loss: 0.375 || Test Loss: 0.296 
Train Acc: 0.830 || Test Acc: 0.877 
Save best model to best_epoch_weights.pth
----------------------------------------------------
----------------------------------------------------
Epoch:111/200
train_loss: 0.38086375882548673 acc: 0.8185483870967742 lr: 0.00984235610941101
Finish Train
Start Validation
test_loss: 0.3218836430311203 acc: 0.873
Finish Validation
Train Loss: 0.381 || Test Loss: 0.322 
Train Acc: 0.819 || Test Acc: 0.873 
----------------------------------------------------
----------------------------------------------------
Epoch:112/200
train_loss: 0.35357127651091547 acc: 0.8422379032258065 lr: 0.00964018288719641
Finish Train
Start Validation
test_loss: 0.30581613337993624 acc: 0.87075
Finish Validation
Train Loss: 0.354 || Test Loss: 0.306 
Train Acc: 0.842 || Test Acc: 0.871 
----------------------------------------------------
----------------------------------------------------
Epoch:113/200
train_loss: 0.3334582404744241 acc: 0.8472782258064516 lr: 0.00943885207601009
Finish Train
Start Validation
test_loss: 0.29311140632629396 acc: 0.877125
Finish Validation
Train Loss: 0.333 || Test Loss: 0.293 
Train Acc: 0.847 || Test Acc: 0.877 
Save best model to best_epoch_weights.pth
----------------------------------------------------
----------------------------------------------------
Epoch:114/200
train_loss: 0.36677821845777575 acc: 0.8245967741935484 lr: 0.009238420497857976
Finish Train
Start Validation
test_loss: 0.2873280211687088 acc: 0.884875
Finish Validation
Train Loss: 0.367 || Test Loss: 0.287 
Train Acc: 0.825 || Test Acc: 0.885 
Save best model to best_epoch_weights.pth
----------------------------------------------------
----------------------------------------------------
Epoch:115/200
train_loss: 0.3618529309188166 acc: 0.8341733870967742 lr: 0.00903894472095362
Finish Train
Start Validation
test_loss: 0.3139271994829178 acc: 0.864125
Finish Validation
Train Loss: 0.362 || Test Loss: 0.314 
Train Acc: 0.834 || Test Acc: 0.864 
----------------------------------------------------
----------------------------------------------------
Epoch:116/200
train_loss: 0.37795914757636284 acc: 0.8230846774193549 lr: 0.00884048104375284
Finish Train
Start Validation
test_loss: 0.30835046875476835 acc: 0.874125
Finish Validation
Train Loss: 0.378 || Test Loss: 0.308 
Train Acc: 0.823 || Test Acc: 0.874 
----------------------------------------------------
----------------------------------------------------
Epoch:117/200
train_loss: 0.3621296498083299 acc: 0.8316532258064516 lr: 0.00864308547906448
Finish Train
Start Validation
test_loss: 0.33382552802562715 acc: 0.857125
Finish Validation
Train Loss: 0.362 || Test Loss: 0.334 
Train Acc: 0.832 || Test Acc: 0.857 
----------------------------------------------------
----------------------------------------------------
Epoch:118/200
train_loss: 0.33551573801425194 acc: 0.8503024193548387 lr: 0.008446813738241814
Finish Train
Start Validation
test_loss: 0.29203590285778047 acc: 0.878
Finish Validation
Train Loss: 0.336 || Test Loss: 0.292 
Train Acc: 0.850 || Test Acc: 0.878 
----------------------------------------------------
----------------------------------------------------
Epoch:119/200
train_loss: 0.3498212243280103 acc: 0.8442540322580645 lr: 0.00825172121545901
Finish Train
Start Validation
test_loss: 0.3071086187362671 acc: 0.8755
Finish Validation
Train Loss: 0.350 || Test Loss: 0.307 
Train Acc: 0.844 || Test Acc: 0.875 
----------------------------------------------------
----------------------------------------------------
Epoch:120/200
train_loss: 0.3563731245456203 acc: 0.8503024193548387 lr: 0.008057862972077123
Finish Train
Start Validation
test_loss: 0.28619791197776795 acc: 0.879
Finish Validation
Train Loss: 0.356 || Test Loss: 0.286 
Train Acc: 0.850 || Test Acc: 0.879 
Save best model to best_epoch_weights.pth
----------------------------------------------------
----------------------------------------------------
Epoch:121/200
train_loss: 0.3510798206252436 acc: 0.8412298387096774 lr: 0.00786529372110401
Finish Train
Start Validation
test_loss: 0.2957577437162399 acc: 0.876375
Finish Validation
Train Loss: 0.351 || Test Loss: 0.296 
Train Acc: 0.841 || Test Acc: 0.876 
----------------------------------------------------
----------------------------------------------------
Epoch:122/200
train_loss: 0.3247551408506209 acc: 0.8543346774193549 lr: 0.007674067811752572
Finish Train
Start Validation
test_loss: 0.3057573882341385 acc: 0.873875
Finish Validation
Train Loss: 0.325 || Test Loss: 0.306 
Train Acc: 0.854 || Test Acc: 0.874 
----------------------------------------------------
----------------------------------------------------
Epoch:123/200
train_loss: 0.3343051941164078 acc: 0.8457661290322581 lr: 0.007484239214101658
Finish Train
Start Validation
test_loss: 0.29618010139465334 acc: 0.88275
Finish Validation
Train Loss: 0.334 || Test Loss: 0.296 
Train Acc: 0.846 || Test Acc: 0.883 
----------------------------------------------------
----------------------------------------------------
Epoch:124/200
train_loss: 0.34289601829744154 acc: 0.8336693548387096 lr: 0.007295861503863984
Finish Train
Start Validation
test_loss: 0.3020468621850014 acc: 0.873375
Finish Validation
Train Loss: 0.343 || Test Loss: 0.302 
Train Acc: 0.834 || Test Acc: 0.873 
----------------------------------------------------
----------------------------------------------------
Epoch:125/200
train_loss: 0.32797983288764954 acc: 0.858366935483871 lr: 0.00710898784726534
Finish Train
Start Validation
test_loss: 0.2933469623327255 acc: 0.879875
Finish Validation
Train Loss: 0.328 || Test Loss: 0.293 
Train Acc: 0.858 || Test Acc: 0.880 
----------------------------------------------------
----------------------------------------------------
Epoch:126/200
train_loss: 0.3283001170043022 acc: 0.8634072580645161 lr: 0.006923670986039408
Finish Train
Start Validation
test_loss: 0.2925403243303299 acc: 0.879375
Finish Validation
Train Loss: 0.328 || Test Loss: 0.293 
Train Acc: 0.863 || Test Acc: 0.879 
----------------------------------------------------
----------------------------------------------------
Epoch:127/200
train_loss: 0.3229639429238535 acc: 0.859375 lr: 0.0067399632225423126
Finish Train
Start Validation
test_loss: 0.285193204164505 acc: 0.886875
Finish Validation
Train Loss: 0.323 || Test Loss: 0.285 
Train Acc: 0.859 || Test Acc: 0.887 
Save best model to best_epoch_weights.pth
----------------------------------------------------
----------------------------------------------------
Epoch:128/200
train_loss: 0.34049906461469587 acc: 0.8452620967741935 lr: 0.006557916404991249
Finish Train
Start Validation
test_loss: 0.2986162295341492 acc: 0.879625
Finish Validation
Train Loss: 0.340 || Test Loss: 0.299 
Train Acc: 0.845 || Test Acc: 0.880 
----------------------------------------------------
----------------------------------------------------
Epoch:129/200
train_loss: 0.3286000028733284 acc: 0.8538306451612904 lr: 0.006377581912831248
Finish Train
Start Validation
test_loss: 0.3035991963148117 acc: 0.88275
Finish Validation
Train Loss: 0.329 || Test Loss: 0.304 
Train Acc: 0.854 || Test Acc: 0.883 
----------------------------------------------------
----------------------------------------------------
Epoch:130/200
train_loss: 0.32614375362473147 acc: 0.8482862903225806 lr: 0.00619901064223424
Finish Train
Start Validation
test_loss: 0.30076444602012636 acc: 0.8765
Finish Validation
Train Loss: 0.326 || Test Loss: 0.301 
Train Acc: 0.848 || Test Acc: 0.876 
----------------------------------------------------
----------------------------------------------------
Epoch:131/200
train_loss: 0.32030174905253994 acc: 0.8538306451612904 lr: 0.006022252991734551
Finish Train
Start Validation
test_loss: 0.2990029945373535 acc: 0.88075
Finish Validation
Train Loss: 0.320 || Test Loss: 0.299 
Train Acc: 0.854 || Test Acc: 0.881 
----------------------------------------------------
----------------------------------------------------
Epoch:132/200
train_loss: 0.3294589625250909 acc: 0.8487903225806451 lr: 0.005847358848004787
Finish Train
Start Validation
test_loss: 0.29093669015169143 acc: 0.880375
Finish Validation
Train Loss: 0.329 || Test Loss: 0.291 
Train Acc: 0.849 || Test Acc: 0.880 
----------------------------------------------------
----------------------------------------------------
Epoch:133/200
train_loss: 0.3277097522251068 acc: 0.8442540322580645 lr: 0.005674377571776241
Finish Train
Start Validation
test_loss: 0.2777910692691803 acc: 0.886125
Finish Validation
Train Loss: 0.328 || Test Loss: 0.278 
Train Acc: 0.844 || Test Acc: 0.886 
Save best model to best_epoch_weights.pth
----------------------------------------------------
----------------------------------------------------
Epoch:134/200
train_loss: 0.31997182148118175 acc: 0.8568548387096774 lr: 0.005503357983907704
Finish Train
Start Validation
test_loss: 0.2932253491878509 acc: 0.880875
Finish Validation
Train Loss: 0.320 || Test Loss: 0.293 
Train Acc: 0.857 || Test Acc: 0.881 
----------------------------------------------------
----------------------------------------------------
Epoch:135/200
train_loss: 0.3226578298114961 acc: 0.8543346774193549 lr: 0.00533434835160665
Finish Train
Start Validation
test_loss: 0.29194301056861877 acc: 0.88025
Finish Validation
Train Loss: 0.323 || Test Loss: 0.292 
Train Acc: 0.854 || Test Acc: 0.880 
----------------------------------------------------
----------------------------------------------------
Epoch:136/200
train_loss: 0.31672227286523386 acc: 0.8543346774193549 lr: 0.005167396374806704
Finish Train
Start Validation
test_loss: 0.2821478199958801 acc: 0.88375
Finish Validation
Train Loss: 0.317 || Test Loss: 0.282 
Train Acc: 0.854 || Test Acc: 0.884 
----------------------------------------------------
----------------------------------------------------
Epoch:137/200
train_loss: 0.3224770080658697 acc: 0.8503024193548387 lr: 0.005002549172705164
Finish Train
Start Validation
test_loss: 0.2926060442328453 acc: 0.88325
Finish Validation
Train Loss: 0.322 || Test Loss: 0.293 
Train Acc: 0.850 || Test Acc: 0.883 
----------------------------------------------------
----------------------------------------------------
Epoch:138/200
train_loss: 0.31551066906221453 acc: 0.8558467741935484 lr: 0.004839853270464472
Finish Train
Start Validation
test_loss: 0.26725939905643464 acc: 0.8925
Finish Validation
Train Loss: 0.316 || Test Loss: 0.267 
Train Acc: 0.856 || Test Acc: 0.892 
Save best model to best_epoch_weights.pth
----------------------------------------------------
----------------------------------------------------
Epoch:139/200
train_loss: 0.2928838595267265 acc: 0.8679435483870968 lr: 0.004679354586081315
Finish Train
Start Validation
test_loss: 0.2754106479883194 acc: 0.8895
Finish Validation
Train Loss: 0.293 || Test Loss: 0.275 
Train Acc: 0.868 || Test Acc: 0.889 
----------------------------------------------------
----------------------------------------------------
Epoch:140/200
train_loss: 0.29923006844136024 acc: 0.8719758064516129 lr: 0.004521098417427098
Finish Train
Start Validation
test_loss: 0.29189564514160155 acc: 0.879375
Finish Validation
Train Loss: 0.299 || Test Loss: 0.292 
Train Acc: 0.872 || Test Acc: 0.879 
----------------------------------------------------
----------------------------------------------------
Epoch:141/200
train_loss: 0.29104377521622565 acc: 0.8694556451612904 lr: 0.004365129429463442
Finish Train
Start Validation
test_loss: 0.29496632754802704 acc: 0.880875
Finish Validation
Train Loss: 0.291 || Test Loss: 0.295 
Train Acc: 0.869 || Test Acc: 0.881 
----------------------------------------------------
----------------------------------------------------
Epoch:142/200
train_loss: 0.2820983750204886 acc: 0.8770161290322581 lr: 0.004211491641636282
Finish Train
Start Validation
test_loss: 0.29241954028606415 acc: 0.88625
Finish Validation
Train Loss: 0.282 || Test Loss: 0.292 
Train Acc: 0.877 || Test Acc: 0.886 
----------------------------------------------------
----------------------------------------------------
Epoch:143/200
train_loss: 0.30531270080997097 acc: 0.8629032258064516 lr: 0.004060228415452178
Finish Train
Start Validation
test_loss: 0.28607566487789154 acc: 0.885125
Finish Validation
Train Loss: 0.305 || Test Loss: 0.286 
Train Acc: 0.863 || Test Acc: 0.885 
----------------------------------------------------
----------------------------------------------------
Epoch:144/200
train_loss: 0.29297239501630107 acc: 0.8714717741935484 lr: 0.00391138244224031
Finish Train
Start Validation
test_loss: 0.2699087725877762 acc: 0.88625
Finish Validation
Train Loss: 0.293 || Test Loss: 0.270 
Train Acc: 0.871 || Test Acc: 0.886 
----------------------------------------------------
----------------------------------------------------
Epoch:145/200
train_loss: 0.31159208234279384 acc: 0.8639112903225806 lr: 0.003764995731103625
Finish Train
Start Validation
test_loss: 0.27980635488033295 acc: 0.886875
Finish Validation
Train Loss: 0.312 || Test Loss: 0.280 
Train Acc: 0.864 || Test Acc: 0.887 
----------------------------------------------------
----------------------------------------------------
Epoch:146/200
train_loss: 0.29778760239001245 acc: 0.8629032258064516 lr: 0.003621109597062502
Finish Train
Start Validation
test_loss: 0.2906534305214882 acc: 0.891375
Finish Validation
Train Loss: 0.298 || Test Loss: 0.291 
Train Acc: 0.863 || Test Acc: 0.891 
----------------------------------------------------
----------------------------------------------------
Epoch:147/200
train_loss: 0.28388536264819486 acc: 0.8780241935483871 lr: 0.0034797646493943454
Finish Train
Start Validation
test_loss: 0.29155237489938735 acc: 0.882375
Finish Validation
Train Loss: 0.284 || Test Loss: 0.292 
Train Acc: 0.878 || Test Acc: 0.882 
----------------------------------------------------
----------------------------------------------------
Epoch:148/200
train_loss: 0.2955311983823776 acc: 0.8719758064516129 lr: 0.00334100078017234
Finish Train
Start Validation
test_loss: 0.29068655097484586 acc: 0.88625
Finish Validation
Train Loss: 0.296 || Test Loss: 0.291 
Train Acc: 0.872 || Test Acc: 0.886 
----------------------------------------------------
----------------------------------------------------
Epoch:149/200
train_loss: 0.3072271178806982 acc: 0.8613911290322581 lr: 0.003204857153006626
Finish Train
Start Validation
test_loss: 0.27575776022672654 acc: 0.89475
Finish Validation
Train Loss: 0.307 || Test Loss: 0.276 
Train Acc: 0.861 || Test Acc: 0.895 
----------------------------------------------------
----------------------------------------------------
Epoch:150/200
train_loss: 0.29691265571501946 acc: 0.8729838709677419 lr: 0.00307137219199109
Finish Train
Start Validation
test_loss: 0.2886522359251976 acc: 0.886
Finish Validation
Train Loss: 0.297 || Test Loss: 0.289 
Train Acc: 0.873 || Test Acc: 0.886 
----------------------------------------------------
----------------------------------------------------
Epoch:151/200
train_loss: 0.30027154616771207 acc: 0.8679435483870968 lr: 0.0029405835708588308
Finish Train
Start Validation
test_loss: 0.26182007044553757 acc: 0.896625
Finish Validation
Train Loss: 0.300 || Test Loss: 0.262 
Train Acc: 0.868 || Test Acc: 0.897 
Save best model to best_epoch_weights.pth
----------------------------------------------------
----------------------------------------------------
Epoch:152/200
train_loss: 0.28766181055576573 acc: 0.876008064516129 lr: 0.0028125282023494427
Finish Train
Start Validation
test_loss: 0.2827904271483421 acc: 0.88825
Finish Validation
Train Loss: 0.288 || Test Loss: 0.283 
Train Acc: 0.876 || Test Acc: 0.888 
----------------------------------------------------
----------------------------------------------------
Epoch:153/200
train_loss: 0.291191725480941 acc: 0.8694556451612904 lr: 0.002687242227791046
Finish Train
Start Validation
test_loss: 0.2992895053625107 acc: 0.8835
Finish Validation
Train Loss: 0.291 || Test Loss: 0.299 
Train Acc: 0.869 || Test Acc: 0.883 
----------------------------------------------------
----------------------------------------------------
Epoch:154/200
train_loss: 0.2910335438866769 acc: 0.876008064516129 lr: 0.0025647610069000565
Finish Train
Start Validation
test_loss: 0.27817134404182436 acc: 0.89175
Finish Validation
Train Loss: 0.291 || Test Loss: 0.278 
Train Acc: 0.876 || Test Acc: 0.892 
----------------------------------------------------
----------------------------------------------------
Epoch:155/200
train_loss: 0.2849925285385501 acc: 0.876008064516129 lr: 0.0024451191078015367
Finish Train
Start Validation
test_loss: 0.26863942289352416 acc: 0.892
Finish Validation
Train Loss: 0.285 || Test Loss: 0.269 
Train Acc: 0.876 || Test Acc: 0.892 
----------------------------------------------------
----------------------------------------------------
Epoch:156/200
train_loss: 0.26936907585590114 acc: 0.891633064516129 lr: 0.002328350297272957
Finish Train
Start Validation
test_loss: 0.2753250346183777 acc: 0.8915
Finish Validation
Train Loss: 0.269 || Test Loss: 0.275 
Train Acc: 0.892 || Test Acc: 0.891 
----------------------------------------------------
----------------------------------------------------
Epoch:157/200
train_loss: 0.23738164094186598 acc: 0.9022177419354839 lr: 0.0022144875312141337
Finish Train
Start Validation
test_loss: 0.28805608457326887 acc: 0.88775
Finish Validation
Train Loss: 0.237 || Test Loss: 0.288 
Train Acc: 0.902 || Test Acc: 0.888 
----------------------------------------------------
----------------------------------------------------
Epoch:158/200
train_loss: 0.275278250536611 acc: 0.8744959677419355 lr: 0.0021035629453460243
Finish Train
Start Validation
test_loss: 0.269660569190979 acc: 0.89225
Finish Validation
Train Loss: 0.275 || Test Loss: 0.270 
Train Acc: 0.874 || Test Acc: 0.892 
----------------------------------------------------
----------------------------------------------------
Epoch:159/200
train_loss: 0.274014001892459 acc: 0.8810483870967742 lr: 0.0019956078461409914
Finish Train
Start Validation
test_loss: 0.26911456596851346 acc: 0.8925
Finish Validation
Train Loss: 0.274 || Test Loss: 0.269 
Train Acc: 0.881 || Test Acc: 0.892 
----------------------------------------------------
----------------------------------------------------
Epoch:160/200
train_loss: 0.260581027115545 acc: 0.8881048387096774 lr: 0.0018906527019871074
Finish Train
Start Validation
test_loss: 0.28152284038066866 acc: 0.8905
Finish Validation
Train Loss: 0.261 || Test Loss: 0.282 
Train Acc: 0.888 || Test Acc: 0.890 
----------------------------------------------------
----------------------------------------------------
Epoch:161/200
train_loss: 0.276740484179989 acc: 0.8755040322580645 lr: 0.001788727134589012
Finish Train
Start Validation
test_loss: 0.2779111129045486 acc: 0.888
Finish Validation
Train Loss: 0.277 || Test Loss: 0.278 
Train Acc: 0.876 || Test Acc: 0.888 
----------------------------------------------------
----------------------------------------------------
Epoch:162/200
train_loss: 0.26460218717975004 acc: 0.8876008064516129 lr: 0.0016898599106077038
Finish Train
Start Validation
test_loss: 0.27991845220327377 acc: 0.886375
Finish Validation
Train Loss: 0.265 || Test Loss: 0.280 
Train Acc: 0.888 || Test Acc: 0.886 
----------------------------------------------------
----------------------------------------------------
Epoch:163/200
train_loss: 0.29165800781019274 acc: 0.8674395161290323 lr: 0.0015940789335416841
Finish Train
Start Validation
test_loss: 0.2886784635782242 acc: 0.88975
Finish Validation
Train Loss: 0.292 || Test Loss: 0.289 
Train Acc: 0.867 || Test Acc: 0.890 
----------------------------------------------------
----------------------------------------------------
Epoch:164/200
train_loss: 0.2667972738704374 acc: 0.8876008064516129 lr: 0.0015014112358516772
Finish Train
Start Validation
test_loss: 0.2879657427072525 acc: 0.88825
Finish Validation
Train Loss: 0.267 || Test Loss: 0.288 
Train Acc: 0.888 || Test Acc: 0.888 
----------------------------------------------------
----------------------------------------------------
Epoch:165/200
train_loss: 0.256998326028547 acc: 0.8941532258064516 lr: 0.0014118829713312153
Finish Train
Start Validation
test_loss: 0.27848777842521666 acc: 0.890625
Finish Validation
Train Loss: 0.257 || Test Loss: 0.278 
Train Acc: 0.894 || Test Acc: 0.891 
----------------------------------------------------
----------------------------------------------------
Epoch:166/200
train_loss: 0.2524970274779104 acc: 0.8961693548387096 lr: 0.0013255194077251963
Finish Train
Start Validation
test_loss: 0.3006010109782219 acc: 0.885625
Finish Validation
Train Loss: 0.252 || Test Loss: 0.301 
Train Acc: 0.896 || Test Acc: 0.886 
----------------------------------------------------
----------------------------------------------------
Epoch:167/200
train_loss: 0.287998164853742 acc: 0.8780241935483871 lr: 0.0012423449195985191
Finish Train
Start Validation
test_loss: 0.2791484044790268 acc: 0.89075
Finish Validation
Train Loss: 0.288 || Test Loss: 0.279 
Train Acc: 0.878 || Test Acc: 0.891 
----------------------------------------------------
----------------------------------------------------
Epoch:168/200
train_loss: 0.24490610966759344 acc: 0.8931451612903226 lr: 0.0011623829814567956
Finish Train
Start Validation
test_loss: 0.27964020800590517 acc: 0.88825
Finish Validation
Train Loss: 0.245 || Test Loss: 0.280 
Train Acc: 0.893 || Test Acc: 0.888 
----------------------------------------------------
----------------------------------------------------
Epoch:169/200
train_loss: 0.27141334741346296 acc: 0.8805443548387096 lr: 0.0010856561611210982
Finish Train
Start Validation
test_loss: 0.2840364316701889 acc: 0.88775
Finish Validation
Train Loss: 0.271 || Test Loss: 0.284 
Train Acc: 0.881 || Test Acc: 0.888 
----------------------------------------------------
----------------------------------------------------
Epoch:170/200
train_loss: 0.26440763040896387 acc: 0.889616935483871 lr: 0.001012186113358593
Finish Train
Start Validation
test_loss: 0.2889620915055275 acc: 0.888625
Finish Validation
Train Loss: 0.264 || Test Loss: 0.289 
Train Acc: 0.890 || Test Acc: 0.889 
----------------------------------------------------
----------------------------------------------------
Epoch:171/200
train_loss: 0.2613096203534834 acc: 0.8855846774193549 lr: 0.0009419935737708761
Finish Train
Start Validation
test_loss: 0.28936323165893557 acc: 0.88475
Finish Validation
Train Loss: 0.261 || Test Loss: 0.289 
Train Acc: 0.886 || Test Acc: 0.885 
----------------------------------------------------
----------------------------------------------------
Epoch:172/200
train_loss: 0.2532131287359422 acc: 0.890625 lr: 0.0008750983529417177
Finish Train
Start Validation
test_loss: 0.29444352304935456 acc: 0.888
Finish Validation
Train Loss: 0.253 || Test Loss: 0.294 
Train Acc: 0.891 || Test Acc: 0.888 
----------------------------------------------------
----------------------------------------------------
Epoch:173/200
train_loss: 0.2826776865028566 acc: 0.8785282258064516 lr: 0.0008115193308458829
Finish Train
Start Validation
test_loss: 0.28188342243433 acc: 0.890625
Finish Validation
Train Loss: 0.283 || Test Loss: 0.282 
Train Acc: 0.879 || Test Acc: 0.891 
----------------------------------------------------
----------------------------------------------------
Epoch:174/200
train_loss: 0.2522156834602356 acc: 0.8901209677419355 lr: 0.0007512744515205951
Finish Train
Start Validation
test_loss: 0.27264077597856523 acc: 0.892875
Finish Validation
Train Loss: 0.252 || Test Loss: 0.273 
Train Acc: 0.890 || Test Acc: 0.893 
----------------------------------------------------
----------------------------------------------------
Epoch:175/200
train_loss: 0.26466372080387607 acc: 0.8860887096774194 lr: 0.0006943807180011558
Finish Train
Start Validation
test_loss: 0.2830612211227417 acc: 0.89425
Finish Validation
Train Loss: 0.265 || Test Loss: 0.283 
Train Acc: 0.886 || Test Acc: 0.894 
----------------------------------------------------
----------------------------------------------------
Epoch:176/200
train_loss: 0.25590934820713535 acc: 0.8946572580645161 lr: 0.000640854187522146
Finish Train
Start Validation
test_loss: 0.30811153835058214 acc: 0.883375
Finish Validation
Train Loss: 0.256 || Test Loss: 0.308 
Train Acc: 0.895 || Test Acc: 0.883 
----------------------------------------------------
----------------------------------------------------
Epoch:177/200
train_loss: 0.27361274294314847 acc: 0.8860887096774194 lr: 0.000590709966985555
Finish Train
Start Validation
test_loss: 0.26901394605636597 acc: 0.898625
Finish Validation
Train Loss: 0.274 || Test Loss: 0.269 
Train Acc: 0.886 || Test Acc: 0.899 
----------------------------------------------------
----------------------------------------------------
Epoch:178/200
train_loss: 0.25497558376481455 acc: 0.8891129032258065 lr: 0.0005439622086971309
Finish Train
Start Validation
test_loss: 0.28051513302326203 acc: 0.8885
Finish Validation
Train Loss: 0.255 || Test Loss: 0.281 
Train Acc: 0.889 || Test Acc: 0.888 
----------------------------------------------------
----------------------------------------------------
Epoch:179/200
train_loss: 0.25922124953039233 acc: 0.8845766129032258 lr: 0.0005006241063721489
Finish Train
Start Validation
test_loss: 0.27319555580615995 acc: 0.891375
Finish Validation
Train Loss: 0.259 || Test Loss: 0.273 
Train Acc: 0.885 || Test Acc: 0.891 
----------------------------------------------------
----------------------------------------------------
Epoch:180/200
train_loss: 0.24539357327645825 acc: 0.8991935483870968 lr: 0.00046070789141171677
Finish Train
Start Validation
test_loss: 0.2873327761888504 acc: 0.890125
Finish Validation
Train Loss: 0.245 || Test Loss: 0.287 
Train Acc: 0.899 || Test Acc: 0.890 
----------------------------------------------------
----------------------------------------------------
Epoch:181/200
train_loss: 0.2630774027878238 acc: 0.8886088709677419 lr: 0.0004242248294506825
Finish Train
Start Validation
test_loss: 0.2653686002492905 acc: 0.8955
Finish Validation
Train Loss: 0.263 || Test Loss: 0.265 
Train Acc: 0.889 || Test Acc: 0.895 
----------------------------------------------------
----------------------------------------------------
Epoch:182/200
train_loss: 0.2669860475486325 acc: 0.8800403225806451 lr: 0.000391185217178122
Finish Train
Start Validation
test_loss: 0.27775636649131774 acc: 0.896125
Finish Validation
Train Loss: 0.267 || Test Loss: 0.278 
Train Acc: 0.880 || Test Acc: 0.896 
----------------------------------------------------
----------------------------------------------------
Epoch:183/200
train_loss: 0.274761363863945 acc: 0.8795362903225806 lr: 0.0003615983794312655
Finish Train
Start Validation
test_loss: 0.27607146018743517 acc: 0.891
Finish Validation
Train Loss: 0.275 || Test Loss: 0.276 
Train Acc: 0.880 || Test Acc: 0.891 
----------------------------------------------------
----------------------------------------------------
Epoch:184/200
train_loss: 0.254276626052395 acc: 0.8951612903225806 lr: 0.0003354726665637431
Finish Train
Start Validation
test_loss: 0.2823242360949516 acc: 0.886
Finish Validation
Train Loss: 0.254 || Test Loss: 0.282 
Train Acc: 0.895 || Test Acc: 0.886 
----------------------------------------------------
----------------------------------------------------
Epoch:185/200
train_loss: 0.2743781156116916 acc: 0.8734879032258065 lr: 0.00031281545208884057
Finish Train
Start Validation
test_loss: 0.29378001457452774 acc: 0.889625
Finish Validation
Train Loss: 0.274 || Test Loss: 0.294 
Train Acc: 0.873 || Test Acc: 0.890 
----------------------------------------------------
----------------------------------------------------
Epoch:186/200
train_loss: 0.266584966451891 acc: 0.8770161290322581 lr: 0.00029363313059846126
Finish Train
Start Validation
test_loss: 0.28061096811294556 acc: 0.892375
Finish Validation
Train Loss: 0.267 || Test Loss: 0.281 
Train Acc: 0.877 || Test Acc: 0.892 
----------------------------------------------------
----------------------------------------------------
Epoch:187/200
train_loss: 0.2676896034709869 acc: 0.8886088709677419 lr: 0.00027793111595836946
Finish Train
Start Validation
test_loss: 0.28659323024749755 acc: 0.89075
Finish Validation
Train Loss: 0.268 || Test Loss: 0.287 
Train Acc: 0.889 || Test Acc: 0.891 
----------------------------------------------------
----------------------------------------------------
Epoch:188/200
train_loss: 0.25431384674964413 acc: 0.8911290322580645 lr: 0.0002657138397802162
Finish Train
Start Validation
test_loss: 0.2886207472681999 acc: 0.891
Finish Validation
Train Loss: 0.254 || Test Loss: 0.289 
Train Acc: 0.891 || Test Acc: 0.891 
----------------------------------------------------
----------------------------------------------------
Epoch:189/200
train_loss: 0.2462465662148691 acc: 0.8931451612903226 lr: 0.00025698475017080284
Finish Train
Start Validation
test_loss: 0.28729192370176315 acc: 0.889
Finish Validation
Train Loss: 0.246 || Test Loss: 0.287 
Train Acc: 0.893 || Test Acc: 0.889 
----------------------------------------------------
----------------------------------------------------
Epoch:190/200
train_loss: 0.25016234959325484 acc: 0.8926411290322581 lr: 0.00025174631075891297
Finish Train
Start Validation
test_loss: 0.292944650888443 acc: 0.888875
Finish Validation
Train Loss: 0.250 || Test Loss: 0.293 
Train Acc: 0.893 || Test Acc: 0.889 
----------------------------------------------------
----------------------------------------------------
Epoch:191/200
train_loss: 0.25920035858308116 acc: 0.8835685483870968 lr: 0.00025
Finish Train
Start Validation
test_loss: 0.2790043789744377 acc: 0.89025
Finish Validation
Train Loss: 0.259 || Test Loss: 0.279 
Train Acc: 0.884 || Test Acc: 0.890 
----------------------------------------------------
----------------------------------------------------
Epoch:192/200
train_loss: 0.26867825225476294 acc: 0.8860887096774194 lr: 0.00025
Finish Train
Start Validation
test_loss: 0.28464912885427474 acc: 0.888375
Finish Validation
Train Loss: 0.269 || Test Loss: 0.285 
Train Acc: 0.886 || Test Acc: 0.888 
----------------------------------------------------
----------------------------------------------------
Epoch:193/200
train_loss: 0.23696298272378982 acc: 0.9007056451612904 lr: 0.00025
Finish Train
Start Validation
test_loss: 0.2815849216580391 acc: 0.891
Finish Validation
Train Loss: 0.237 || Test Loss: 0.282 
Train Acc: 0.901 || Test Acc: 0.891 
----------------------------------------------------
----------------------------------------------------
Epoch:194/200
train_loss: 0.2525441781167061 acc: 0.8850806451612904 lr: 0.00025
Finish Train
Start Validation
test_loss: 0.2880350314974785 acc: 0.892125
Finish Validation
Train Loss: 0.253 || Test Loss: 0.288 
Train Acc: 0.885 || Test Acc: 0.892 
----------------------------------------------------
----------------------------------------------------
Epoch:195/200
train_loss: 0.2613324816188505 acc: 0.8850806451612904 lr: 0.00025
Finish Train
Start Validation
test_loss: 0.28617413353919985 acc: 0.890125
Finish Validation
Train Loss: 0.261 || Test Loss: 0.286 
Train Acc: 0.885 || Test Acc: 0.890 
----------------------------------------------------
----------------------------------------------------
Epoch:196/200
train_loss: 0.260224191411849 acc: 0.8785282258064516 lr: 0.00025
Finish Train
Start Validation
test_loss: 0.2884471004009247 acc: 0.892125
Finish Validation
Train Loss: 0.260 || Test Loss: 0.288 
Train Acc: 0.879 || Test Acc: 0.892 
----------------------------------------------------
----------------------------------------------------
Epoch:197/200
train_loss: 0.23701249159151508 acc: 0.9122983870967742 lr: 0.00025
Finish Train
Start Validation
test_loss: 0.28934079241752625 acc: 0.88725
Finish Validation
Train Loss: 0.237 || Test Loss: 0.289 
Train Acc: 0.912 || Test Acc: 0.887 
----------------------------------------------------
----------------------------------------------------
Epoch:198/200
train_loss: 0.24795135927777137 acc: 0.8971774193548387 lr: 0.00025
Finish Train
Start Validation
test_loss: 0.2898993338346481 acc: 0.887375
Finish Validation
Train Loss: 0.248 || Test Loss: 0.290 
Train Acc: 0.897 || Test Acc: 0.887 
----------------------------------------------------
----------------------------------------------------
Epoch:199/200
train_loss: 0.2580946385860443 acc: 0.889616935483871 lr: 0.00025
Finish Train
Start Validation
test_loss: 0.287822624027729 acc: 0.8905
Finish Validation
Train Loss: 0.258 || Test Loss: 0.288 
Train Acc: 0.890 || Test Acc: 0.890 
----------------------------------------------------
----------------------------------------------------
Epoch:200/200
train_loss: 0.2538629251141702 acc: 0.8911290322580645 lr: 0.00025
Finish Train
Start Validation
test_loss: 0.2786248518824577 acc: 0.89425
Finish Validation
Train Loss: 0.254 || Test Loss: 0.279 
Train Acc: 0.891 || Test Acc: 0.894 
----------------------------------------------------
